<?xml version="1.0" encoding="UTF-8"?>
<coverage generated="1638915719143" clover="3.2.0">
  <project timestamp="1638915719143" name="All files">
    <metrics statements="18" coveredstatements="17" conditionals="10" coveredconditionals="9" methods="5" coveredmethods="5" elements="33" coveredelements="31" complexity="0" loc="18" ncloc="18" packages="1" files="2" classes="2"/>
    <file name="calculator.js" path="/home/andy-ss/projects/project-one-tests/src/lib/calculator.js">
      <metrics statements="6" coveredstatements="5" conditionals="4" coveredconditionals="3" methods="1" coveredmethods="1"/>
      <line num="1" count="1" type="stmt"/>
      <line num="2" count="2" type="stmt"/>
      <line num="3" count="2" type="stmt"/>
      <line num="5" count="2" type="cond" truecount="3" falsecount="1"/>
      <line num="6" count="0" type="stmt"/>
      <line num="9" count="2" type="stmt"/>
    </file>
    <file name="queryString.js" path="/home/andy-ss/projects/project-one-tests/src/lib/queryString.js">
      <metrics statements="12" coveredstatements="12" conditionals="6" coveredconditionals="6" methods="4" coveredmethods="4"/>
      <line num="1" count="1" type="stmt"/>
      <line num="2" count="6" type="cond" truecount="4" falsecount="0"/>
      <line num="3" count="1" type="stmt"/>
      <line num="5" count="5" type="stmt"/>
      <line num="8" count="1" type="stmt"/>
      <line num="9" count="3" type="stmt"/>
      <line num="11" count="1" type="stmt"/>
      <line num="12" count="3" type="stmt"/>
      <line num="14" count="5" type="stmt"/>
      <line num="16" count="5" type="cond" truecount="2" falsecount="0"/>
      <line num="17" count="1" type="stmt"/>
      <line num="20" count="5" type="stmt"/>
    </file>
  </project>
</coverage>
