TN:
SF:src/lib/Cart.js
FN:5,(anonymous_0)
FN:12,(anonymous_1)
FN:27,(anonymous_2)
FN:35,(anonymous_3)
FN:39,(anonymous_4)
FN:40,(anonymous_5)
FN:55,(anonymous_6)
FN:65,(anonymous_7)
FNF:8
FNH:8
FNDA:2,(anonymous_0)
FNDA:3,(anonymous_1)
FNDA:17,(anonymous_2)
FNDA:1,(anonymous_3)
FNDA:15,(anonymous_4)
FNDA:17,(anonymous_5)
FNDA:4,(anonymous_6)
FNDA:3,(anonymous_7)
DA:5,1
DA:6,2
DA:7,1
DA:9,1
DA:12,1
DA:13,3
DA:14,3
DA:15,2
DA:17,1
DA:20,1
DA:22,1
DA:23,1
DA:25,13
DA:28,17
DA:29,17
DA:30,1
DA:32,17
DA:36,1
DA:40,15
DA:41,17
DA:43,17
DA:45,17
DA:46,2
DA:47,15
DA:48,3
DA:51,17
DA:56,4
DA:57,4
DA:59,4
DA:66,3
DA:68,3
DA:70,3
LF:32
LH:32
BRDA:6,0,0,1
BRDA:6,0,1,1
BRDA:6,1,0,2
BRDA:6,1,1,2
BRDA:14,2,0,2
BRDA:14,2,1,1
BRDA:14,3,0,3
BRDA:14,3,1,3
BRDA:15,4,0,1
BRDA:15,4,1,1
BRDA:29,5,0,1
BRDA:29,5,1,16
BRDA:45,6,0,2
BRDA:45,6,1,15
BRDA:47,7,0,3
BRDA:47,7,1,12
BRF:16
BRH:16
end_of_record
TN:
SF:src/lib/calculator.js
FN:1,sum
FN:12,sub
FN:23,mult
FN:34,div
FNF:4
FNH:4
FNDA:6,sum
FNDA:6,sub
FNDA:6,mult
FNDA:1,div
DA:2,6
DA:3,6
DA:5,6
DA:6,4
DA:9,2
DA:13,6
DA:14,6
DA:16,6
DA:17,4
DA:20,2
DA:24,6
DA:25,6
DA:27,6
DA:28,4
DA:31,2
DA:35,1
DA:36,1
DA:38,1
DA:39,0
DA:42,1
LF:20
LH:19
BRDA:5,0,0,4
BRDA:5,0,1,2
BRDA:5,1,0,6
BRDA:5,1,1,3
BRDA:16,2,0,4
BRDA:16,2,1,2
BRDA:16,3,0,6
BRDA:16,3,1,3
BRDA:27,4,0,4
BRDA:27,4,1,2
BRDA:27,5,0,6
BRDA:27,5,1,3
BRDA:38,6,0,0
BRDA:38,6,1,1
BRDA:38,7,0,1
BRDA:38,7,1,1
BRF:16
BRH:15
end_of_record
TN:
SF:src/lib/queryString.js
FN:1,(anonymous_0)
FN:8,queryString
FN:12,parse
FN:14,(anonymous_3)
FNF:4
FNH:4
FNDA:6,(anonymous_0)
FNDA:3,queryString
FNDA:3,parse
FNDA:5,(anonymous_3)
DA:1,1
DA:2,6
DA:3,1
DA:5,5
DA:9,3
DA:13,3
DA:15,5
DA:17,5
DA:18,1
DA:21,5
LF:10
LH:10
BRDA:2,0,0,1
BRDA:2,0,1,5
BRDA:2,1,0,6
BRDA:2,1,1,2
BRDA:17,2,0,1
BRDA:17,2,1,4
BRF:6
BRH:6
end_of_record
